Build started 2018/10/11 19:05:37.
     1>Project "C:\Users\YaChianLi\Desktop\hw1_release\hw1\hw1.vcxproj" on node 2 (Build target(s)).
     1>Link:
         C:\Program Files (x86)\Microsoft Visual Studio 12.0\VC\bin\x86_amd64\link.exe /ERRORREPORT:PROMPT /OUT:"C:\Users\YaChianLi\Desktop\hw1_release\x64\Debug\hw1.exe" /INCREMENTAL /NOLOGO /LIBPATH:C:\Users\YaChianLi\Desktop\hw1_release\hw1\GL glu32.lib glut32.lib opengl32.lib kernel32.lib user32.lib gdi32.lib winspool.lib comdlg32.lib advapi32.lib shell32.lib ole32.lib oleaut32.lib uuid.lib odbc32.lib odbccp32.lib /MANIFEST /MANIFESTUAC:"level='asInvoker' uiAccess='false'" /manifest:embed /DEBUG /PDB:"C:\Users\YaChianLi\Desktop\hw1_release\x64\Debug\hw1.pdb" /TLBID:1 /DYNAMICBASE /NXCOMPAT /IMPLIB:"C:\Users\YaChianLi\Desktop\hw1_release\x64\Debug\hw1.lib" /MACHINE:X64 x64\Debug\Main.obj
     1>Main.obj : error LNK2019: unresolved external symbol glutInit referenced in function main
     1>Main.obj : error LNK2019: unresolved external symbol glutInitDisplayMode referenced in function main
     1>Main.obj : error LNK2019: unresolved external symbol glutInitWindowPosition referenced in function main
     1>Main.obj : error LNK2019: unresolved external symbol glutInitWindowSize referenced in function main
     1>Main.obj : error LNK2019: unresolved external symbol glutMainLoop referenced in function main
     1>Main.obj : error LNK2019: unresolved external symbol glutCreateWindow referenced in function main
     1>Main.obj : error LNK2019: unresolved external symbol glutPostRedisplay referenced in function "void __cdecl Tick(int)" (?Tick@@YAXH@Z)
     1>Main.obj : error LNK2019: unresolved external symbol glutSwapBuffers referenced in function "void __cdecl Display(void)" (?Display@@YAXXZ)
     1>Main.obj : error LNK2019: unresolved external symbol glutDisplayFunc referenced in function main
     1>Main.obj : error LNK2019: unresolved external symbol glutReshapeFunc referenced in function main
     1>Main.obj : error LNK2019: unresolved external symbol glutKeyboardFunc referenced in function main
     1>Main.obj : error LNK2019: unresolved external symbol glutTimerFunc referenced in function "void __cdecl Tick(int)" (?Tick@@YAXH@Z)
     1>C:\Users\YaChianLi\Desktop\hw1_release\x64\Debug\hw1.exe : fatal error LNK1120: 12 unresolved externals
     1>Done Building Project "C:\Users\YaChianLi\Desktop\hw1_release\hw1\hw1.vcxproj" (Build target(s)) -- FAILED.

Build FAILED.

Time Elapsed 00:00:00.20
